#
# There is insufficient memory for the Java Runtime Environment to continue.
# Native memory allocation (mmap) failed to map 58720256 bytes for Failed to commit area from 0x00000000c8e00000 to 0x00000000cc600000 of length 58720256.
# Possible reasons:
#   The system is out of physical RAM or swap space
#   The process is running with CompressedOops enabled, and the Java Heap may be blocking the growth of the native heap
# Possible solutions:
#   Reduce memory load on the system
#   Increase physical memory or swap space
#   Check if swap backing store is full
#   Decrease Java heap size (-Xmx/-Xms)
#   Decrease number of Java threads
#   Decrease Java thread stack sizes (-Xss)
#   Set larger code cache with -XX:ReservedCodeCacheSize=
# This output file may be truncated or incomplete.
#
#  Out of Memory Error (src/hotspot/os/windows/os_windows.cpp:3627), pid=9112, tid=8732
#
# JRE version:  (11.0.15) (build )
# Java VM: OpenJDK 64-Bit Server VM (11.0.15+0-b2043.56-9505619, mixed mode, sharing, tiered, compressed oops, g1 gc, windows-amd64)
# No core dump will be written. Minidumps are not enabled by default on client versions of Windows
#

---------------  S U M M A R Y ------------

Command Line: org.jetbrains.kotlin.cli.jvm.K2JVMCompiler @C:\Users\Pax\AndroidStudioProjects\Mop\app\build\20230416_3911287790008950990.compiler.options

Host: AMD Ryzen 3 3350U with Radeon Vega Mobile Gfx  , 4 cores, 3G,  Windows 11 , 64 bit Build 22621 (10.0.22621.1485)
Time: Sun Apr 16 20:04:50 2023 Pacific Daylight Time elapsed time: 0.019610 seconds (0d 0h 0m 0s)

---------------  T H R E A D  ---------------

Current thread (0x000001e8759c3000):  JavaThread "Unknown thread" [_thread_in_vm, id=8732, stack(0x000000250e700000,0x000000250e800000)]

Stack: [0x000000250e700000,0x000000250e800000]
Native frames: (J=compiled Java code, j=interpreted, Vv=VM code, C=native code)
V  [jvm.dll+0x64135a]
V  [jvm.dll+0x7d39f9]
V  [jvm.dll+0x7d51b9]
V  [jvm.dll+0x7d58a3]
V  [jvm.dll+0x2691c5]
V  [jvm.dll+0x63e4e9]
V  [jvm.dll+0x632985]
V  [jvm.dll+0x3231ac]
V  [jvm.dll+0x323032]
V  [jvm.dll+0x327c06]
V  [jvm.dll+0x36ffa2]
V  [jvm.dll+0x36fa01]
V  [jvm.dll+0x2fea28]
V  [jvm.dll+0x2ffb25]
V  [jvm.dll+0x7accd7]
V  [jvm.dll+0x7ae49f]
V  [jvm.dll+0x37d299]
V  [jvm.dll+0x78ef9f]
V  [jvm.dll+0x3ec847]
V  [jvm.dll+0x3eed31]
C  [jli.dll+0x52cb]
C  [ucrtbase.dll+0x29363]
C  [KERNEL32.DLL+0x1269d]
C  [ntdll.dll+0x5a9f8]


---------------  P R O C E S S  ---------------

Threads class SMR info:
_java_thread_list=0x000001e873903700, length=0, elements={
}

Java Threads: ( => current thread )

Other Threads:
  0x000001e8759dd000 GCTaskThread "GC Thread#0" [stack: 0x000000250e800000,0x000000250e900000] [id=10312]
  0x000001e8759f4000 ConcurrentGCThread "G1 Main Marker" [stack: 0x000000250e900000,0x000000250ea00000] [id=3340]
  0x000001e8759f5800 ConcurrentGCThread "G1 Conc#0" [stack: 0x000000250ea00000,0x000000250eb00000] [id=11812]

[error occurred during error reporting (printing all threads), id 0xc0000005, EXCEPTION_ACCESS_VIOLATION (0xc0000005) at pc=0x00007ffd8275f3e7]

VM state:not at safepoint (not fully initialized)

VM Mutex/Monitor currently owned by a thread:  ([mutex/lock_event])
[0x000001e8759c0030] Heap_lock - owner thread: 0x000001e8759c3000

Heap address: 0x00000000c8e00000, size: 882 MB, Compressed Oops mode: Non-zero based: 0x00000000c8e00000
Narrow klass base: 0x0000000000000000, Narrow klass shift: 0

GC Heap History (0 events):
No events

Deoptimization events (0 events):
No events

Classes redefined (0 events):
No events

Internal exceptions (0 events):
No events

Events (1 events):
Event: 0.013 Loaded shared library C:\Program Files\Android\Android Studio\jbr\bin\zip.dll


Dynamic libraries:
0x00007ff7c4b80000 - 0x00007ff7c4b8a000 	C:\Program Files\Android\Android Studio\jbr\bin\java.exe
0x00007ffdfd770000 - 0x00007ffdfd984000 	C:\WINDOWS\SYSTEM32\ntdll.dll
0x00007ffdd7ee0000 - 0x00007ffdd7ef9000 	C:\Program Files\Avast Software\Avast\aswhook.dll
0x00007ffdfbc90000 - 0x00007ffdfbd52000 	C:\WINDOWS\System32\KERNEL32.DLL
0x00007ffdfabb0000 - 0x00007ffdfaf4c000 	C:\WINDOWS\System32\KERNELBASE.dll
0x00007ffdfb2b0000 - 0x00007ffdfb3c1000 	C:\WINDOWS\System32\ucrtbase.dll
0x00007ffdf86f0000 - 0x00007ffdf870b000 	C:\Program Files\Android\Android Studio\jbr\bin\VCRUNTIME140.dll
0x00007ffdf8890000 - 0x00007ffdf88a7000 	C:\Program Files\Android\Android Studio\jbr\bin\jli.dll
0x00007ffdfc1e0000 - 0x00007ffdfc38b000 	C:\WINDOWS\System32\USER32.dll
0x00007ffddf3e0000 - 0x00007ffddf66e000 	C:\WINDOWS\WinSxS\amd64_microsoft.windows.common-controls_6595b64144ccf1df_6.0.22621.608_none_a9444ca7c10bb01d\COMCTL32.dll
0x00007ffdfbaf0000 - 0x00007ffdfbb97000 	C:\WINDOWS\System32\msvcrt.dll
0x00007ffdfb9a0000 - 0x00007ffdfb9c9000 	C:\WINDOWS\System32\GDI32.dll
0x00007ffdfb0c0000 - 0x00007ffdfb0e6000 	C:\WINDOWS\System32\win32u.dll
0x00007ffdfb0f0000 - 0x00007ffdfb203000 	C:\WINDOWS\System32\gdi32full.dll
0x00007ffdfb210000 - 0x00007ffdfb2aa000 	C:\WINDOWS\System32\msvcp_win.dll
0x00007ffdfbba0000 - 0x00007ffdfbbd1000 	C:\WINDOWS\System32\IMM32.DLL
0x00007ffdf8780000 - 0x00007ffdf878c000 	C:\Program Files\Android\Android Studio\jbr\bin\vcruntime140_1.dll
0x00007ffdeb630000 - 0x00007ffdeb6bd000 	C:\Program Files\Android\Android Studio\jbr\bin\msvcp140.dll
0x00007ffd82450000 - 0x00007ffd8300c000 	C:\Program Files\Android\Android Studio\jbr\bin\server\jvm.dll
0x00007ffdfbbe0000 - 0x00007ffdfbc8e000 	C:\WINDOWS\System32\ADVAPI32.dll
0x00007ffdfd580000 - 0x00007ffdfd624000 	C:\WINDOWS\System32\sechost.dll
0x00007ffdfb9d0000 - 0x00007ffdfbae7000 	C:\WINDOWS\System32\RPCRT4.dll
0x00007ffdfcc80000 - 0x00007ffdfcc88000 	C:\WINDOWS\System32\PSAPI.DLL
0x00007ffdf03f0000 - 0x00007ffdf03f9000 	C:\WINDOWS\SYSTEM32\WSOCK32.dll
0x00007ffdf57e0000 - 0x00007ffdf5814000 	C:\WINDOWS\SYSTEM32\WINMM.dll
0x00007ffdfc3b0000 - 0x00007ffdfc421000 	C:\WINDOWS\System32\WS2_32.dll
0x00007ffdf37b0000 - 0x00007ffdf37ba000 	C:\WINDOWS\SYSTEM32\VERSION.dll
0x00007ffdf9b80000 - 0x00007ffdf9b98000 	C:\WINDOWS\SYSTEM32\kernel.appcore.dll
0x00007ffdf54e0000 - 0x00007ffdf54f0000 	C:\Program Files\Android\Android Studio\jbr\bin\verify.dll
0x00007ffdf8460000 - 0x00007ffdf868e000 	C:\WINDOWS\SYSTEM32\DBGHELP.DLL
0x00007ffdfd1f0000 - 0x00007ffdfd579000 	C:\WINDOWS\System32\combase.dll
0x00007ffdfbd60000 - 0x00007ffdfbe37000 	C:\WINDOWS\System32\OLEAUT32.dll
0x00007ffdf3630000 - 0x00007ffdf3662000 	C:\WINDOWS\SYSTEM32\dbgcore.DLL
0x00007ffdfb3d0000 - 0x00007ffdfb44b000 	C:\WINDOWS\System32\bcryptPrimitives.dll
0x00007ffde5c90000 - 0x00007ffde5cb8000 	C:\Program Files\Android\Android Studio\jbr\bin\java.dll
0x00007ffdea400000 - 0x00007ffdea40a000 	C:\Program Files\Android\Android Studio\jbr\bin\jimage.dll
0x00007ffde5c70000 - 0x00007ffde5c88000 	C:\Program Files\Android\Android Studio\jbr\bin\zip.dll

dbghelp: loaded successfully - version: 4.0.5 - missing functions: none
symbol engine: initialized successfully - sym options: 0x614 - pdb path: .;C:\Program Files\Android\Android Studio\jbr\bin;C:\WINDOWS\SYSTEM32;C:\Program Files\Avast Software\Avast;C:\WINDOWS\WinSxS\amd64_microsoft.windows.common-controls_6595b64144ccf1df_6.0.22621.608_none_a9444ca7c10bb01d;C:\Program Files\Android\Android Studio\jbr\bin\server

VM Arguments:
java_command: org.jetbrains.kotlin.cli.jvm.K2JVMCompiler @C:\Users\Pax\AndroidStudioProjects\Mop\app\build\20230416_3911287790008950990.compiler.options
java_class_path (initial): C:\Users\Pax\.gradle\caches\modules-2\files-2.1\org.jetbrains.kotlin\kotlin-compiler-embeddable\1.7.0\4d09852239f61842072b40b524882fa3caaed371\kotlin-compiler-embeddable-1.7.0.jar;C:\Users\Pax\.gradle\caches\modules-2\files-2.1\org.jetbrains.kotlin\kotlin-reflect\1.7.0\e660b0079fdaf744dc9cc7f6f3aa3c761ec839b0\kotlin-reflect-1.7.0.jar;C:\Users\Pax\.gradle\caches\modules-2\files-2.1\org.jetbrains.kotlin\kotlin-stdlib\1.7.0\a5f42c684ad9003160ef0d0f693ecf0ba7b13549\kotlin-stdlib-1.7.0.jar;C:\Users\Pax\.gradle\caches\modules-2\files-2.1\org.jetbrains.kotlin\kotlin-script-runtime\1.7.0\3acea1d447587e61bc3e1b3ed6227d9e9ed4ddf1\kotlin-script-runtime-1.7.0.jar;C:\Users\Pax\.gradle\caches\modules-2\files-2.1\org.jetbrains.kotlin\kotlin-daemon-embeddable\1.7.0\fd56798de80825c673ac93808284c5198ffa2b50\kotlin-daemon-embeddable-1.7.0.jar;C:\Users\Pax\.gradle\caches\modules-2\files-2.1\org.jetbrains.intellij.deps\trove4j\1.0.20200330\3afb14d5f9ceb459d724e907a21145e8ff394f02\trove4j-1.0.20200330.jar;C:\Users\Pax\.gradle\caches\modules-2\files-2.1\net.java.dev.jna\jna\5.6.0\330f2244e9030119ab3030fc3fededc86713d9cc\jna-5.6.0.jar;C:\Users\Pax\.gradle\caches\modules-2\files-2.1\org.jetbrains.kotlin\kotlin-stdlib-common\1.7.0\51736992f422993a1e741051bdf3c12801bc1ca1\kotlin-stdlib-common-1.7.0.jar;C:\Users\Pax\.gradle\caches\modules-2\files-2.1\org.jetbrains\annotations\13.0\919f0dfe192fb4e063e7dacadee7f8bb9a2672a9\annotations-13.0.jar
Launcher Type: SUN_STANDARD

[Global flags]
     intx CICompilerCount                          = 3                                         {product} {ergonomic}
     uint ConcGCThreads                            = 1                                         {product} {ergonomic}
     uint G1ConcRefinementThreads                  = 4                                         {product} {ergonomic}
   size_t G1HeapRegionSize                         = 1048576                                   {product} {ergonomic}
    uintx GCDrainStackTargetSize                   = 64                                        {product} {ergonomic}
   size_t InitialHeapSize                          = 58720256                                  {product} {ergonomic}
   size_t MarkStackSize                            = 4194304                                   {product} {ergonomic}
   size_t MaxHeapSize                              = 924844032                                 {product} {ergonomic}
   size_t MinHeapDeltaBytes                        = 1048576                                   {product} {ergonomic}
    uintx NonNMethodCodeHeapSize                   = 5830732                                {pd product} {ergonomic}
    uintx NonProfiledCodeHeapSize                  = 122913754                              {pd product} {ergonomic}
    uintx ProfiledCodeHeapSize                     = 122913754                              {pd product} {ergonomic}
    uintx ReservedCodeCacheSize                    = 251658240                              {pd product} {ergonomic}
     bool SegmentedCodeCache                       = true                                      {product} {ergonomic}
     bool UseCompressedClassPointers               = true                                 {lp64_product} {ergonomic}
     bool UseCompressedOops                        = true                                 {lp64_product} {ergonomic}
     bool UseG1GC                                  = true                                      {product} {ergonomic}
     bool UseLargePagesIndividualAllocation        = false                                  {pd product} {ergonomic}

Logging:
Log output configuration:
 #0: stdout all=warning uptime,level,tags
 #1: stderr all=off uptime,level,tags

Environment Variables:
PATH=C:\WINDOWS\system32;C:\WINDOWS;C:\WINDOWS\System32\Wbem;C:\WINDOWS\System32\WindowsPowerShell\v1.0\;C:\WINDOWS\System32\OpenSSH\;C:\Program Files\Calibre2\;C:\Users\Pax\AppData\Local\Microsoft\WindowsApps;C:\Users\Pax\AppData\Local\GitHubDesktop\bin;
USERNAME=Pax
OS=Windows_NT
PROCESSOR_IDENTIFIER=AMD64 Family 23 Model 24 Stepping 1, AuthenticAMD



---------------  S Y S T E M  ---------------

OS: Windows 11 , 64 bit Build 22621 (10.0.22621.1485)
OS uptime: 3 days 9:18 hours
Hyper-V role detected

CPU:total 4 (initial active 4) (4 cores per cpu, 1 threads per core) family 23 model 24 stepping 1 microcode 0x0, cmov, cx8, fxsr, mmx, sse, sse2, sse3, ssse3, sse4.1, sse4.2, popcnt, avx, avx2, aes, clmul, mmxext, 3dnowpref, lzcnt, sse4a, tsc, tscinvbit, tscinv, bmi1, bmi2, adx, sha, fma

Memory: 4k page, system-wide physical 3521M (396M free)
TotalPageFile size 14273M (AvailPageFile size 30M)
current process WorkingSet (physical memory assigned to process): 10M, peak: 10M
current process commit charge ("private bytes"): 51M, peak: 107M

vm_info: OpenJDK 64-Bit Server VM (11.0.15+0-b2043.56-9505619) for windows-amd64 JRE (11.0.15+0-b2043.56-9505619), built on Jan 19 2023 02:48:00 by "builduser" with unknown MS VC++:1929

END.
